<?xml version="1.0" encoding="UTF-8"?>
<!-- Generated by org.testng.reporters.JUnitXMLReporter -->
<testsuite ignored="0" hostname="DESKTOP-9KCJ656" failures="0" tests="3" name="Test" time="12.782" errors="0" timestamp="2021-08-19T14:40:22 BST">
  <testcase classname="DOM.CanvasValidation" name="buttonAlertValueValidate" time="1.223"/>
  <testcase classname="DOM.CanvasValidation" name="buttonSuccessValueValidate" time="0.897"/>
  <testcase classname="DOM.CanvasValidation" name="buttonValueValidate" time="0.853"/>
</testsuite> <!-- Test -->
