<?xml version="1.0" encoding="UTF-8"?>
<testng-results ignored="0" total="3" passed="3" failed="0" skipped="0">
  <reporter-output>
  </reporter-output>
  <suite started-at="2021-08-19T14:57:36 BST" name="Default suite" finished-at="2021-08-19T14:57:52 BST" duration-ms="15674">
    <groups>
    </groups>
    <test started-at="2021-08-19T14:57:36 BST" name="Default test" finished-at="2021-08-19T14:57:52 BST" duration-ms="15674">
      <class name="DOM.CanvasValidation">
        <test-method is-config="true" signature="setUp()[pri:0, instance:DOM.CanvasValidation@65466a6a]" started-at="2021-08-19T14:57:36 BST" name="setUp" finished-at="2021-08-19T14:57:42 BST" duration-ms="5598" status="PASS">
          <reporter-output>
          </reporter-output>
        </test-method> <!-- setUp -->
        <test-method is-config="true" signature="openBrowser()[pri:0, instance:DOM.CanvasValidation@65466a6a]" started-at="2021-08-19T14:57:42 BST" name="openBrowser" finished-at="2021-08-19T14:57:48 BST" duration-ms="6266" status="PASS">
          <reporter-output>
          </reporter-output>
        </test-method> <!-- openBrowser -->
        <test-method signature="buttonValueValidate()[pri:0, instance:DOM.CanvasValidation@65466a6a]" started-at="2021-08-19T14:57:48 BST" name="buttonValueValidate" finished-at="2021-08-19T14:57:49 BST" duration-ms="1256" status="PASS">
          <reporter-output>
          </reporter-output>
        </test-method> <!-- buttonValueValidate -->
        <test-method is-config="true" signature="openBrowser()[pri:0, instance:DOM.CanvasValidation@65466a6a]" started-at="2021-08-19T14:57:49 BST" name="openBrowser" finished-at="2021-08-19T14:57:50 BST" duration-ms="399" status="PASS">
          <reporter-output>
          </reporter-output>
        </test-method> <!-- openBrowser -->
        <test-method signature="buttonAlertValueValidate()[pri:1, instance:DOM.CanvasValidation@65466a6a]" started-at="2021-08-19T14:57:50 BST" name="buttonAlertValueValidate" finished-at="2021-08-19T14:57:51 BST" duration-ms="715" status="PASS">
          <reporter-output>
          </reporter-output>
        </test-method> <!-- buttonAlertValueValidate -->
        <test-method is-config="true" signature="openBrowser()[pri:0, instance:DOM.CanvasValidation@65466a6a]" started-at="2021-08-19T14:57:51 BST" name="openBrowser" finished-at="2021-08-19T14:57:51 BST" duration-ms="448" status="PASS">
          <reporter-output>
          </reporter-output>
        </test-method> <!-- openBrowser -->
        <test-method signature="buttonSuccessValueValidate()[pri:2, instance:DOM.CanvasValidation@65466a6a]" started-at="2021-08-19T14:57:51 BST" name="buttonSuccessValueValidate" finished-at="2021-08-19T14:57:52 BST" duration-ms="875" status="PASS">
          <reporter-output>
          </reporter-output>
        </test-method> <!-- buttonSuccessValueValidate -->
      </class> <!-- DOM.CanvasValidation -->
    </test> <!-- Default test -->
  </suite> <!-- Default suite -->
</testng-results>
