<?xml version="1.0" encoding="UTF-8"?>
<!-- Generated by org.testng.reporters.JUnitXMLReporter -->
<testsuite ignored="0" hostname="DESKTOP-9KCJ656" failures="0" tests="3" name="Default test" time="15.674" errors="0" timestamp="2021-08-19T14:57:52 BST">
  <testcase classname="DOM.CanvasValidation" name="buttonValueValidate" time="1.256"/>
  <testcase classname="DOM.CanvasValidation" name="buttonAlertValueValidate" time="0.715"/>
  <testcase classname="DOM.CanvasValidation" name="buttonSuccessValueValidate" time="0.875"/>
</testsuite> <!-- Default test -->
